Determining if the pthread_create exist failed with the following output:
Change Dir: /homes/josullivan/catkin_ws2/src/amiro_potential_field_navigation/potential_field_navigation/cmake-build-debug/CMakeFiles/CMakeTmp

Run Build Command:"/usr/bin/gmake" "cmTC_846c1/fast"
/usr/bin/gmake -f CMakeFiles/cmTC_846c1.dir/build.make CMakeFiles/cmTC_846c1.dir/build
gmake[1]: Entering directory '/homes/josullivan/catkin_ws2/src/amiro_potential_field_navigation/potential_field_navigation/cmake-build-debug/CMakeFiles/CMakeTmp'
Building C object CMakeFiles/cmTC_846c1.dir/CheckSymbolExists.c.o
/usr/bin/cc    -o CMakeFiles/cmTC_846c1.dir/CheckSymbolExists.c.o   -c /homes/josullivan/catkin_ws2/src/amiro_potential_field_navigation/potential_field_navigation/cmake-build-debug/CMakeFiles/CMakeTmp/CheckSymbolExists.c
Linking C executable cmTC_846c1
/homes/josullivan/Programs/clion-2017.2.2/bin/cmake/bin/cmake -E cmake_link_script CMakeFiles/cmTC_846c1.dir/link.txt --verbose=1
/usr/bin/cc      -rdynamic CMakeFiles/cmTC_846c1.dir/CheckSymbolExists.c.o  -o cmTC_846c1 
CMakeFiles/cmTC_846c1.dir/CheckSymbolExists.c.o: In function `main':
CheckSymbolExists.c:(.text+0x16): undefined reference to `pthread_create'
collect2: error: ld returned 1 exit status
CMakeFiles/cmTC_846c1.dir/build.make:97: recipe for target 'cmTC_846c1' failed
gmake[1]: *** [cmTC_846c1] Error 1
gmake[1]: Leaving directory '/homes/josullivan/catkin_ws2/src/amiro_potential_field_navigation/potential_field_navigation/cmake-build-debug/CMakeFiles/CMakeTmp'
Makefile:126: recipe for target 'cmTC_846c1/fast' failed
gmake: *** [cmTC_846c1/fast] Error 2

File /homes/josullivan/catkin_ws2/src/amiro_potential_field_navigation/potential_field_navigation/cmake-build-debug/CMakeFiles/CMakeTmp/CheckSymbolExists.c:
/* */
#include <pthread.h>

int main(int argc, char** argv)
{
  (void)argv;
#ifndef pthread_create
  return ((int*)(&pthread_create))[argc];
#else
  (void)argc;
  return 0;
#endif
}

Determining if the function pthread_create exists in the pthreads failed with the following output:
Change Dir: /homes/josullivan/catkin_ws2/src/amiro_potential_field_navigation/potential_field_navigation/cmake-build-debug/CMakeFiles/CMakeTmp

Run Build Command:"/usr/bin/gmake" "cmTC_57c38/fast"
/usr/bin/gmake -f CMakeFiles/cmTC_57c38.dir/build.make CMakeFiles/cmTC_57c38.dir/build
gmake[1]: Entering directory '/homes/josullivan/catkin_ws2/src/amiro_potential_field_navigation/potential_field_navigation/cmake-build-debug/CMakeFiles/CMakeTmp'
Building C object CMakeFiles/cmTC_57c38.dir/CheckFunctionExists.c.o
/usr/bin/cc   -DCHECK_FUNCTION_EXISTS=pthread_create   -o CMakeFiles/cmTC_57c38.dir/CheckFunctionExists.c.o   -c /homes/josullivan/Programs/clion-2017.2.2/bin/cmake/share/cmake-3.8/Modules/CheckFunctionExists.c
Linking C executable cmTC_57c38
/homes/josullivan/Programs/clion-2017.2.2/bin/cmake/bin/cmake -E cmake_link_script CMakeFiles/cmTC_57c38.dir/link.txt --verbose=1
/usr/bin/cc  -DCHECK_FUNCTION_EXISTS=pthread_create    -rdynamic CMakeFiles/cmTC_57c38.dir/CheckFunctionExists.c.o  -o cmTC_57c38 -lpthreads 
/usr/bin/ld: cannot find -lpthreads
collect2: error: ld returned 1 exit status
CMakeFiles/cmTC_57c38.dir/build.make:97: recipe for target 'cmTC_57c38' failed
gmake[1]: *** [cmTC_57c38] Error 1
gmake[1]: Leaving directory '/homes/josullivan/catkin_ws2/src/amiro_potential_field_navigation/potential_field_navigation/cmake-build-debug/CMakeFiles/CMakeTmp'
Makefile:126: recipe for target 'cmTC_57c38/fast' failed
gmake: *** [cmTC_57c38/fast] Error 2


